0 info it worked if it ends with ok
1 verbose cli [ '/usr/local/bin/node', '/usr/local/bin/npm', 'start' ]
2 info using npm@3.10.10
3 info using node@v6.9.4
4 verbose run-script [ 'prestart', 'start', 'poststart' ]
5 info lifecycle SoftwareApp@~prestart: SoftwareApp@
6 silly lifecycle SoftwareApp@~prestart: no script for prestart, continuing
7 info lifecycle SoftwareApp@~start: SoftwareApp@
8 verbose lifecycle SoftwareApp@~start: unsafe-perm in lifecycle true
9 verbose lifecycle SoftwareApp@~start: PATH: /usr/local/lib/node_modules/npm/bin/node-gyp-bin:/Users/mouleendhra/Dev/Software-Project/app/node_modules/.bin:/usr/local/bin:/usr/bin:/bin:/usr/sbin:/sbin:/opt/X11/bin:/usr/local/go/bin:/Library/TeX/texbin:/Users/mouleendhra/Dev/Gowork/bin:/Users/mouleendhra/Dev/phantomjs/bin
10 verbose lifecycle SoftwareApp@~start: CWD: /Users/mouleendhra/Dev/Software-Project/app
11 silly lifecycle SoftwareApp@~start: Args: [ '-c', 'meteor run' ]
12 silly lifecycle SoftwareApp@~start: Returned: code: 1  signal: null
13 info lifecycle SoftwareApp@~start: Failed to exec start script
14 verbose stack Error: SoftwareApp@ start: `meteor run`
14 verbose stack Exit status 1
14 verbose stack     at EventEmitter.<anonymous> (/usr/local/lib/node_modules/npm/lib/utils/lifecycle.js:255:16)
14 verbose stack     at emitTwo (events.js:106:13)
14 verbose stack     at EventEmitter.emit (events.js:191:7)
14 verbose stack     at ChildProcess.<anonymous> (/usr/local/lib/node_modules/npm/lib/utils/spawn.js:40:14)
14 verbose stack     at emitTwo (events.js:106:13)
14 verbose stack     at ChildProcess.emit (events.js:191:7)
14 verbose stack     at maybeClose (internal/child_process.js:877:16)
14 verbose stack     at Process.ChildProcess._handle.onexit (internal/child_process.js:226:5)
15 verbose pkgid SoftwareApp@
16 verbose cwd /Users/mouleendhra/Dev/Software-Project/app
17 error Darwin 16.4.0
18 error argv "/usr/local/bin/node" "/usr/local/bin/npm" "start"
19 error node v6.9.4
20 error npm  v3.10.10
21 error code ELIFECYCLE
22 error SoftwareApp@ start: `meteor run`
22 error Exit status 1
23 error Failed at the SoftwareApp@ start script 'meteor run'.
23 error Make sure you have the latest version of node.js and npm installed.
23 error If you do, this is most likely a problem with the SoftwareApp package,
23 error not with npm itself.
23 error Tell the author that this fails on your system:
23 error     meteor run
23 error You can get information on how to open an issue for this project with:
23 error     npm bugs SoftwareApp
23 error Or if that isn't available, you can get their info via:
23 error     npm owner ls SoftwareApp
23 error There is likely additional logging output above.
24 verbose exit [ 1, true ]
